<?xml version="1.0" encoding="UTF-8"?>
<testsuite xmlns:xsi="http://www.w3.org/2001/XMLSchema-instance" xsi:noNamespaceSchemaLocation="https://maven.apache.org/surefire/maven-surefire-plugin/xsd/surefire-test-report-3.0.xsd" version="3.0" name="TriangleTest" time="0.422" tests="5" errors="0" skipped="0" failures="0">
  <properties>
[...]
</properties>
  <testcase name="testSquareTriangle" classname="TriangleTest" time="0.078">
    <system-out><![CDATA[2.8284271247461903
]]></system-out>
  </testcase>
  <testcase name="testSquareTriangleNegative" classname="TriangleTest" time="0">
    <system-out><![CDATA[Не является треугольником
]]></system-out>
  </testcase>
  <testcase name="getTriangleTest" classname="TriangleTest" time="0.016">
    <system-out><![CDATA[Стороны треугольника:2 2 3
Это треугольник  -площадь=0.0
]]></system-out>
  </testcase>
  <testcase name="getTriangleTestNegative" classname="TriangleTest" time="0">
    <system-out><![CDATA[Стороны треугольника:-2 2 3
Не допускаются отрицательные значения 
]]></system-out>
  </testcase>
  <testcase name="getTriangleTest2" classname="TriangleTest" time="0.015">
    <system-out><![CDATA[Стороны треугольника:5 6 8
Обычный треугольник -площадь=10.392304845413264
]]></system-out>
  </testcase>
</testsuite>